2013/10/11 12:48:43 [error] [exception.CDbException] exception 'CDbException' with message 'CDbConnection failed to open the DB connection: SQLSTATE[HY000] [1045] Access denied for user 'admin'@'localhost' (using password: YES)' in C:\wamp\yii\framework\db\CDbConnection.php:381
Stack trace:
#0 C:\wamp\yii\framework\db\CDbConnection.php(330): CDbConnection->open()
#1 C:\wamp\yii\framework\db\CDbConnection.php(308): CDbConnection->setActive(true)
#2 C:\wamp\yii\framework\base\CModule.php(387): CDbConnection->init()
#3 C:\wamp\yii\framework\base\CModule.php(103): CModule->getComponent('db')
#4 C:\wamp\yii\framework\gii\generators\model\ModelCode.php(57): CModule->__get('db')
#5 C:\wamp\yii\framework\web\CFormModel.php(39): ModelCode->init()
#6 C:\wamp\yii\framework\gii\CCodeGenerator.php(153): CFormModel->__construct()
#7 C:\wamp\yii\framework\gii\CCodeGenerator.php(63): CCodeGenerator->prepare()
#8 C:\wamp\yii\framework\web\actions\CInlineAction.php(49): CCodeGenerator->actionIndex()
#9 C:\wamp\yii\framework\web\CController.php(308): CInlineAction->runWithParams(Array)
#10 C:\wamp\yii\framework\web\CController.php(286): CController->runAction(Object(CInlineAction))
#11 C:\wamp\yii\framework\web\CController.php(265): CController->runActionWithFilters(Object(CInlineAction), Array)
#12 C:\wamp\yii\framework\web\CWebApplication.php(282): CController->run('')
#13 C:\wamp\yii\framework\web\CWebApplication.php(141): CWebApplication->runController('gii/model')
#14 C:\wamp\yii\framework\base\CApplication.php(169): CWebApplication->processRequest()
#15 E:\MYPROJECTS\vsale\index.php(13): CApplication->run()
#16 {main}
REQUEST_URI=/vsale/index.php?r=gii/model
HTTP_REFERER=http://localhost/vsale/index.php?r=gii/default/index
---
2013/10/11 13:38:34 [error] [php] Undefined variable: model (E:\MYPROJECTS\vsale\protected\views\site\pages\product.php:38)
Stack trace:
#0 C:\wamp\yii\framework\web\CController.php(869): SiteController->renderFile()
#1 C:\wamp\yii\framework\web\CController.php(782): SiteController->renderPartial()
#2 C:\wamp\yii\framework\web\actions\CViewAction.php(140): SiteController->render()
#3 C:\wamp\yii\framework\web\actions\CAction.php(76): CViewAction->run()
#4 C:\wamp\yii\framework\web\CController.php(308): CViewAction->runWithParams()
#5 C:\wamp\yii\framework\web\CController.php(286): SiteController->runAction()
#6 C:\wamp\yii\framework\web\CController.php(265): SiteController->runActionWithFilters()
#7 C:\wamp\yii\framework\web\CWebApplication.php(282): SiteController->run()
#8 C:\wamp\yii\framework\web\CWebApplication.php(141): CWebApplication->runController()
#9 C:\wamp\yii\framework\base\CApplication.php(169): CWebApplication->processRequest()
#10 E:\MYPROJECTS\vsale\index.php(13): CWebApplication->run()
REQUEST_URI=/vsale/index.php?r=site/page&view=product
in E:\MYPROJECTS\vsale\protected\views\site\pages\product.php (38)
in E:\MYPROJECTS\vsale\index.php (13)
2013/10/11 13:41:09 [error] [exception.CHttpException.404] exception 'CHttpException' with message 'The system is unable to find the requested action "index.php".' in C:\wamp\yii\framework\web\CController.php:483
Stack trace:
#0 C:\wamp\yii\framework\web\CController.php(270): CController->missingAction('index.php')
#1 C:\wamp\yii\framework\web\CWebApplication.php(282): CController->run('index.php')
#2 C:\wamp\yii\framework\web\CWebApplication.php(141): CWebApplication->runController('product/index.p...')
#3 C:\wamp\yii\framework\base\CApplication.php(169): CWebApplication->processRequest()
#4 E:\MYPROJECTS\vsale\index.php(13): CApplication->run()
#5 {main}
REQUEST_URI=/vsale/index.php?r=product/index.php
HTTP_REFERER=http://localhost/vsale/index.php?r=site/page&view=about
---
2013/10/11 13:41:11 [error] [exception.CHttpException.404] exception 'CHttpException' with message 'The system is unable to find the requested action "index.php".' in C:\wamp\yii\framework\web\CController.php:483
Stack trace:
#0 C:\wamp\yii\framework\web\CController.php(270): CController->missingAction('index.php')
#1 C:\wamp\yii\framework\web\CWebApplication.php(282): CController->run('index.php')
#2 C:\wamp\yii\framework\web\CWebApplication.php(141): CWebApplication->runController('product/index.p...')
#3 C:\wamp\yii\framework\base\CApplication.php(169): CWebApplication->processRequest()
#4 E:\MYPROJECTS\vsale\index.php(13): CApplication->run()
#5 {main}
REQUEST_URI=/vsale/index.php?r=product/index.php
HTTP_REFERER=http://localhost/vsale/index.php?r=product/index.php
---
2013/10/11 13:41:12 [error] [exception.CHttpException.404] exception 'CHttpException' with message 'The system is unable to find the requested action "index.php".' in C:\wamp\yii\framework\web\CController.php:483
Stack trace:
#0 C:\wamp\yii\framework\web\CController.php(270): CController->missingAction('index.php')
#1 C:\wamp\yii\framework\web\CWebApplication.php(282): CController->run('index.php')
#2 C:\wamp\yii\framework\web\CWebApplication.php(141): CWebApplication->runController('product/index.p...')
#3 C:\wamp\yii\framework\base\CApplication.php(169): CWebApplication->processRequest()
#4 E:\MYPROJECTS\vsale\index.php(13): CApplication->run()
#5 {main}
REQUEST_URI=/vsale/index.php?r=product/index.php
HTTP_REFERER=http://localhost/vsale/index.php?r=product/index.php
---
2013/10/11 13:41:13 [error] [exception.CHttpException.404] exception 'CHttpException' with message 'The system is unable to find the requested action "index.php".' in C:\wamp\yii\framework\web\CController.php:483
Stack trace:
#0 C:\wamp\yii\framework\web\CController.php(270): CController->missingAction('index.php')
#1 C:\wamp\yii\framework\web\CWebApplication.php(282): CController->run('index.php')
#2 C:\wamp\yii\framework\web\CWebApplication.php(141): CWebApplication->runController('product/index.p...')
#3 C:\wamp\yii\framework\base\CApplication.php(169): CWebApplication->processRequest()
#4 E:\MYPROJECTS\vsale\index.php(13): CApplication->run()
#5 {main}
REQUEST_URI=/vsale/index.php?r=product/index.php
HTTP_REFERER=http://localhost/vsale/index.php?r=product/index.php
---
2013/10/11 13:41:13 [error] [exception.CHttpException.404] exception 'CHttpException' with message 'The system is unable to find the requested action "index.php".' in C:\wamp\yii\framework\web\CController.php:483
Stack trace:
#0 C:\wamp\yii\framework\web\CController.php(270): CController->missingAction('index.php')
#1 C:\wamp\yii\framework\web\CWebApplication.php(282): CController->run('index.php')
#2 C:\wamp\yii\framework\web\CWebApplication.php(141): CWebApplication->runController('product/index.p...')
#3 C:\wamp\yii\framework\base\CApplication.php(169): CWebApplication->processRequest()
#4 E:\MYPROJECTS\vsale\index.php(13): CApplication->run()
#5 {main}
REQUEST_URI=/vsale/index.php?r=product/index.php
HTTP_REFERER=http://localhost/vsale/index.php?r=product/index.php
---
2013/10/11 13:41:14 [error] [exception.CHttpException.404] exception 'CHttpException' with message 'The system is unable to find the requested action "index.php".' in C:\wamp\yii\framework\web\CController.php:483
Stack trace:
#0 C:\wamp\yii\framework\web\CController.php(270): CController->missingAction('index.php')
#1 C:\wamp\yii\framework\web\CWebApplication.php(282): CController->run('index.php')
#2 C:\wamp\yii\framework\web\CWebApplication.php(141): CWebApplication->runController('product/index.p...')
#3 C:\wamp\yii\framework\base\CApplication.php(169): CWebApplication->processRequest()
#4 E:\MYPROJECTS\vsale\index.php(13): CApplication->run()
#5 {main}
REQUEST_URI=/vsale/index.php?r=product/index.php
HTTP_REFERER=http://localhost/vsale/index.php?r=product/index.php
---
2013/10/11 13:41:41 [error] [exception.CHttpException.404] exception 'CHttpException' with message 'The system is unable to find the requested action "index.php".' in C:\wamp\yii\framework\web\CController.php:483
Stack trace:
#0 C:\wamp\yii\framework\web\CController.php(270): CController->missingAction('index.php')
#1 C:\wamp\yii\framework\web\CWebApplication.php(282): CController->run('index.php')
#2 C:\wamp\yii\framework\web\CWebApplication.php(141): CWebApplication->runController('product/index.p...')
#3 C:\wamp\yii\framework\base\CApplication.php(169): CWebApplication->processRequest()
#4 E:\MYPROJECTS\vsale\index.php(13): CApplication->run()
#5 {main}
REQUEST_URI=/vsale/index.php?r=product/index.php
HTTP_REFERER=http://localhost/vsale/index.php?r=product/index.php
---
2013/10/11 13:41:45 [error] [exception.CHttpException.404] exception 'CHttpException' with message 'The system is unable to find the requested action "admin.php".' in C:\wamp\yii\framework\web\CController.php:483
Stack trace:
#0 C:\wamp\yii\framework\web\CController.php(270): CController->missingAction('admin.php')
#1 C:\wamp\yii\framework\web\CWebApplication.php(282): CController->run('admin.php')
#2 C:\wamp\yii\framework\web\CWebApplication.php(141): CWebApplication->runController('product/admin.p...')
#3 C:\wamp\yii\framework\base\CApplication.php(169): CWebApplication->processRequest()
#4 E:\MYPROJECTS\vsale\index.php(13): CApplication->run()
#5 {main}
REQUEST_URI=/vsale/index.php?r=product/admin.php
HTTP_REFERER=http://localhost/vsale/index.php?r=product/index.php
---
2013/10/11 13:43:48 [error] [exception.CHttpException.404] exception 'CHttpException' with message 'The system is unable to find the requested action "admin.php".' in C:\wamp\yii\framework\web\CController.php:483
Stack trace:
#0 C:\wamp\yii\framework\web\CController.php(270): CController->missingAction('admin.php')
#1 C:\wamp\yii\framework\web\CWebApplication.php(282): CController->run('admin.php')
#2 C:\wamp\yii\framework\web\CWebApplication.php(141): CWebApplication->runController('product/admin.p...')
#3 C:\wamp\yii\framework\base\CApplication.php(169): CWebApplication->processRequest()
#4 E:\MYPROJECTS\vsale\index.php(13): CApplication->run()
#5 {main}
REQUEST_URI=/vsale/index.php?r=product/admin.php
HTTP_REFERER=http://localhost/vsale/index.php?r=product/index.php
---
2013/10/11 13:43:49 [error] [exception.CHttpException.404] exception 'CHttpException' with message 'The system is unable to find the requested action "Admin".' in C:\wamp\yii\framework\web\CController.php:483
Stack trace:
#0 C:\wamp\yii\framework\web\CController.php(270): CController->missingAction('Admin')
#1 C:\wamp\yii\framework\web\CWebApplication.php(282): CController->run('Admin')
#2 C:\wamp\yii\framework\web\CWebApplication.php(141): CWebApplication->runController('site/Admin')
#3 C:\wamp\yii\framework\base\CApplication.php(169): CWebApplication->processRequest()
#4 E:\MYPROJECTS\vsale\index.php(13): CApplication->run()
#5 {main}
REQUEST_URI=/vsale/index.php?r=site/Admin
HTTP_REFERER=http://localhost/vsale/index.php?r=product/admin.php
---
2013/10/11 13:43:52 [error] [exception.CHttpException.404] exception 'CHttpException' with message 'The system is unable to find the requested action "Admin".' in C:\wamp\yii\framework\web\CController.php:483
Stack trace:
#0 C:\wamp\yii\framework\web\CController.php(270): CController->missingAction('Admin')
#1 C:\wamp\yii\framework\web\CWebApplication.php(282): CController->run('Admin')
#2 C:\wamp\yii\framework\web\CWebApplication.php(141): CWebApplication->runController('site/Admin')
#3 C:\wamp\yii\framework\base\CApplication.php(169): CWebApplication->processRequest()
#4 E:\MYPROJECTS\vsale\index.php(13): CApplication->run()
#5 {main}
REQUEST_URI=/vsale/index.php?r=site/Admin
HTTP_REFERER=http://localhost/vsale/index.php?r=site/Admin
---
2013/10/11 13:44:01 [error] [exception.CHttpException.404] exception 'CHttpException' with message 'Unable to resolve the request "Admin".' in C:\wamp\yii\framework\web\CWebApplication.php:286
Stack trace:
#0 C:\wamp\yii\framework\web\CWebApplication.php(141): CWebApplication->runController('Admin')
#1 C:\wamp\yii\framework\base\CApplication.php(169): CWebApplication->processRequest()
#2 E:\MYPROJECTS\vsale\index.php(13): CApplication->run()
#3 {main}
REQUEST_URI=/vsale/index.php?r=Admin
---
2013/10/11 13:44:13 [error] [exception.CHttpException.404] exception 'CHttpException' with message 'Unable to resolve the request "student/Admin".' in C:\wamp\yii\framework\web\CWebApplication.php:286
Stack trace:
#0 C:\wamp\yii\framework\web\CWebApplication.php(141): CWebApplication->runController('student/Admin')
#1 C:\wamp\yii\framework\base\CApplication.php(169): CWebApplication->processRequest()
#2 E:\MYPROJECTS\vsale\index.php(13): CApplication->run()
#3 {main}
REQUEST_URI=/vsale/index.php?r=student/Admin
---
2013/10/11 13:45:57 [error] [exception.CHttpException.404] exception 'CHttpException' with message 'The system is unable to find the requested action "Product".' in C:\wamp\yii\framework\web\CController.php:483
Stack trace:
#0 C:\wamp\yii\framework\web\CController.php(270): CController->missingAction('Product')
#1 C:\wamp\yii\framework\web\CWebApplication.php(282): CController->run('Product')
#2 C:\wamp\yii\framework\web\CWebApplication.php(141): CWebApplication->runController('product/Product')
#3 C:\wamp\yii\framework\base\CApplication.php(169): CWebApplication->processRequest()
#4 E:\MYPROJECTS\vsale\index.php(13): CApplication->run()
#5 {main}
REQUEST_URI=/vsale/index.php?r=product/Product
HTTP_REFERER=http://localhost/vsale/index.php?r=product
---
2013/10/11 13:54:47 [error] [system.db.CDbCommand] CDbCommand::execute() failed: SQLSTATE[23000]: Integrity constraint violation: 1062 Duplicate entry '8' for key 'PRIMARY'. The SQL statement executed was: INSERT INTO `tbl_category` (`cat_id`, `cat_name`) VALUES (:yp0, :yp1).
in E:\MYPROJECTS\vsale\protected\controllers\CategoryController.php (73)
in E:\MYPROJECTS\vsale\index.php (13)
2013/10/11 13:54:47 [error] [exception.CDbException] exception 'CDbException' with message 'CDbCommand failed to execute the SQL statement: SQLSTATE[23000]: Integrity constraint violation: 1062 Duplicate entry '8' for key 'PRIMARY'. The SQL statement executed was: INSERT INTO `tbl_category` (`cat_id`, `cat_name`) VALUES (:yp0, :yp1)' in C:\wamp\yii\framework\db\CDbCommand.php:357
Stack trace:
#0 C:\wamp\yii\framework\db\ar\CActiveRecord.php(1023): CDbCommand->execute()
#1 C:\wamp\yii\framework\db\ar\CActiveRecord.php(795): CActiveRecord->insert(NULL)
#2 E:\MYPROJECTS\vsale\protected\controllers\CategoryController.php(73): CActiveRecord->save()
#3 C:\wamp\yii\framework\web\actions\CInlineAction.php(49): CategoryController->actionCreate()
#4 C:\wamp\yii\framework\web\CController.php(308): CInlineAction->runWithParams(Array)
#5 C:\wamp\yii\framework\web\filters\CFilterChain.php(133): CController->runAction(Object(CInlineAction))
#6 C:\wamp\yii\framework\web\filters\CFilter.php(40): CFilterChain->run()
#7 C:\wamp\yii\framework\web\CController.php(1145): CFilter->filter(Object(CFilterChain))
#8 C:\wamp\yii\framework\web\filters\CInlineFilter.php(58): CController->filterAccessControl(Object(CFilterChain))
#9 C:\wamp\yii\framework\web\filters\CFilterChain.php(130): CInlineFilter->filter(Object(CFilterChain))
#10 C:\wamp\yii\framework\web\CController.php(291): CFilterChain->run()
#11 C:\wamp\yii\framework\web\CController.php(265): CController->runActionWithFilters(Object(CInlineAction), Array)
#12 C:\wamp\yii\framework\web\CWebApplication.php(282): CController->run('create')
#13 C:\wamp\yii\framework\web\CWebApplication.php(141): CWebApplication->runController('category/create')
#14 C:\wamp\yii\framework\base\CApplication.php(169): CWebApplication->processRequest()
#15 E:\MYPROJECTS\vsale\index.php(13): CApplication->run()
#16 {main}
REQUEST_URI=/vsale/index.php?r=category/create
HTTP_REFERER=http://localhost/vsale/index.php?r=category/create
---
2013/10/11 15:27:29 [error] [exception.CHttpException.404] exception 'CHttpException' with message 'The system is unable to find the requested action "admin".' in C:\wamp\yii\framework\web\CController.php:483
Stack trace:
#0 C:\wamp\yii\framework\web\CController.php(270): CController->missingAction('admin')
#1 C:\wamp\yii\framework\web\CWebApplication.php(282): CController->run('admin')
#2 C:\wamp\yii\framework\web\CWebApplication.php(141): CWebApplication->runController('site/admin')
#3 C:\wamp\yii\framework\base\CApplication.php(169): CWebApplication->processRequest()
#4 E:\MYPROJECTS\vsale\index.php(13): CApplication->run()
#5 {main}
REQUEST_URI=/vsale/index.php?r=site/admin
HTTP_REFERER=http://localhost/vsale/
---
2013/10/11 15:27:33 [error] [exception.CHttpException.404] exception 'CHttpException' with message 'The system is unable to find the requested action "admin".' in C:\wamp\yii\framework\web\CController.php:483
Stack trace:
#0 C:\wamp\yii\framework\web\CController.php(270): CController->missingAction('admin')
#1 C:\wamp\yii\framework\web\CWebApplication.php(282): CController->run('admin')
#2 C:\wamp\yii\framework\web\CWebApplication.php(141): CWebApplication->runController('site/admin')
#3 C:\wamp\yii\framework\base\CApplication.php(169): CWebApplication->processRequest()
#4 E:\MYPROJECTS\vsale\index.php(13): CApplication->run()
#5 {main}
REQUEST_URI=/vsale/index.php?r=site/admin
HTTP_REFERER=http://localhost/vsale/index.php?r=site/admin
---
2013/10/11 15:29:19 [error] [exception.CHttpException.404] exception 'CHttpException' with message 'The system is unable to find the requested action "admin".' in C:\wamp\yii\framework\web\CController.php:483
Stack trace:
#0 C:\wamp\yii\framework\web\CController.php(270): CController->missingAction('admin')
#1 C:\wamp\yii\framework\web\CWebApplication.php(282): CController->run('admin')
#2 C:\wamp\yii\framework\web\CWebApplication.php(141): CWebApplication->runController('site/admin')
#3 C:\wamp\yii\framework\base\CApplication.php(169): CWebApplication->processRequest()
#4 E:\MYPROJECTS\vsale\index.php(13): CApplication->run()
#5 {main}
REQUEST_URI=/vsale/index.php?r=site/admin
HTTP_REFERER=http://localhost/vsale/index.php?r=site/admin
---
2013/10/11 15:29:20 [error] [exception.CHttpException.404] exception 'CHttpException' with message 'Unable to resolve the request "../admin".' in C:\wamp\yii\framework\web\CWebApplication.php:286
Stack trace:
#0 C:\wamp\yii\framework\web\CWebApplication.php(141): CWebApplication->runController('../admin')
#1 C:\wamp\yii\framework\base\CApplication.php(169): CWebApplication->processRequest()
#2 E:\MYPROJECTS\vsale\index.php(13): CApplication->run()
#3 {main}
REQUEST_URI=/vsale/index.php?r=../admin
HTTP_REFERER=http://localhost/vsale/index.php?r=site/admin
---
2013/10/11 15:29:22 [error] [exception.CHttpException.404] exception 'CHttpException' with message 'Unable to resolve the request "../admin".' in C:\wamp\yii\framework\web\CWebApplication.php:286
Stack trace:
#0 C:\wamp\yii\framework\web\CWebApplication.php(141): CWebApplication->runController('../admin')
#1 C:\wamp\yii\framework\base\CApplication.php(169): CWebApplication->processRequest()
#2 E:\MYPROJECTS\vsale\index.php(13): CApplication->run()
#3 {main}
REQUEST_URI=/vsale/index.php?r=../admin
HTTP_REFERER=http://localhost/vsale/index.php?r=../admin
---
2013/10/11 15:29:24 [error] [exception.CHttpException.404] exception 'CHttpException' with message 'Unable to resolve the request "../admin".' in C:\wamp\yii\framework\web\CWebApplication.php:286
Stack trace:
#0 C:\wamp\yii\framework\web\CWebApplication.php(141): CWebApplication->runController('../admin')
#1 C:\wamp\yii\framework\base\CApplication.php(169): CWebApplication->processRequest()
#2 E:\MYPROJECTS\vsale\index.php(13): CApplication->run()
#3 {main}
REQUEST_URI=/vsale/index.php?r=../admin
HTTP_REFERER=http://localhost/vsale/index.php?r=../admin
---
2013/10/11 15:29:26 [error] [exception.CHttpException.404] exception 'CHttpException' with message 'Unable to resolve the request "../admin".' in C:\wamp\yii\framework\web\CWebApplication.php:286
Stack trace:
#0 C:\wamp\yii\framework\web\CWebApplication.php(141): CWebApplication->runController('../admin')
#1 C:\wamp\yii\framework\base\CApplication.php(169): CWebApplication->processRequest()
#2 E:\MYPROJECTS\vsale\index.php(13): CApplication->run()
#3 {main}
REQUEST_URI=/vsale/index.php?r=../admin
HTTP_REFERER=http://localhost/vsale/index.php?r=../admin
---
2013/10/11 15:29:55 [error] [exception.CHttpException.404] exception 'CHttpException' with message 'Unable to resolve the request "../admin".' in C:\wamp\yii\framework\web\CWebApplication.php:286
Stack trace:
#0 C:\wamp\yii\framework\web\CWebApplication.php(141): CWebApplication->runController('../admin')
#1 C:\wamp\yii\framework\base\CApplication.php(169): CWebApplication->processRequest()
#2 E:\MYPROJECTS\vsale\index.php(13): CApplication->run()
#3 {main}
REQUEST_URI=/vsale/index.php?r=../admin
HTTP_REFERER=http://localhost/vsale/index.php?r=../admin
---
2013/10/12 15:28:12 [error] [php] include(Type.php): failed to open stream: No such file or directory (C:\wamp\yii\framework\YiiBase.php:421)
Stack trace:
#0 E:\MYPROJECTS\vsale\protected\views\product\_form.php(20): spl_autoload_call()
#1 C:\wamp\yii\framework\web\CBaseController.php(126): require()
#2 C:\wamp\yii\framework\web\CBaseController.php(95): ProductController->renderInternal()
#3 C:\wamp\yii\framework\web\CController.php(869): ProductController->renderFile()
#4 E:\MYPROJECTS\vsale\protected\views\product\create.php(18): ProductController->renderPartial()
#5 C:\wamp\yii\framework\web\CBaseController.php(126): require()
#6 C:\wamp\yii\framework\web\CBaseController.php(95): ProductController->renderInternal()
#7 C:\wamp\yii\framework\web\CController.php(869): ProductController->renderFile()
#8 C:\wamp\yii\framework\web\CController.php(782): ProductController->renderPartial()
#9 E:\MYPROJECTS\vsale\protected\controllers\ProductController.php(79): ProductController->render()
#10 C:\wamp\yii\framework\web\actions\CInlineAction.php(49): ProductController->actionCreate()
#11 C:\wamp\yii\framework\web\CController.php(308): CInlineAction->runWithParams()
#12 C:\wamp\yii\framework\web\filters\CFilterChain.php(133): ProductController->runAction()
#13 C:\wamp\yii\framework\web\filters\CFilter.php(40): CFilterChain->run()
#14 C:\wamp\yii\framework\web\CController.php(1145): CAccessControlFilter->filter()
#15 C:\wamp\yii\framework\web\filters\CInlineFilter.php(58): ProductController->filterAccessControl()
#16 C:\wamp\yii\framework\web\filters\CFilterChain.php(130): CInlineFilter->filter()
#17 C:\wamp\yii\framework\web\CController.php(291): CFilterChain->run()
#18 C:\wamp\yii\framework\web\CController.php(265): ProductController->runActionWithFilters()
#19 C:\wamp\yii\framework\web\CWebApplication.php(282): ProductController->run()
#20 C:\wamp\yii\framework\web\CWebApplication.php(141): CWebApplication->runController()
#21 C:\wamp\yii\framework\base\CApplication.php(169): CWebApplication->processRequest()
#22 E:\MYPROJECTS\vsale\index.php(13): CWebApplication->run()
REQUEST_URI=/vsale/index.php?r=product/create
in E:\MYPROJECTS\vsale\protected\views\product\_form.php (20)
in E:\MYPROJECTS\vsale\protected\views\product\create.php (18)
in E:\MYPROJECTS\vsale\protected\controllers\ProductController.php (79)
2013/10/12 15:28:40 [error] [php] include(Type.php): failed to open stream: No such file or directory (C:\wamp\yii\framework\YiiBase.php:421)
Stack trace:
#0 E:\MYPROJECTS\vsale\protected\models\Product.php(80): spl_autoload_call()
#1 E:\MYPROJECTS\vsale\protected\views\product\_form.php(20): Product->getCategories()
#2 C:\wamp\yii\framework\web\CBaseController.php(126): require()
#3 C:\wamp\yii\framework\web\CBaseController.php(95): ProductController->renderInternal()
#4 C:\wamp\yii\framework\web\CController.php(869): ProductController->renderFile()
#5 E:\MYPROJECTS\vsale\protected\views\product\create.php(18): ProductController->renderPartial()
#6 C:\wamp\yii\framework\web\CBaseController.php(126): require()
#7 C:\wamp\yii\framework\web\CBaseController.php(95): ProductController->renderInternal()
#8 C:\wamp\yii\framework\web\CController.php(869): ProductController->renderFile()
#9 C:\wamp\yii\framework\web\CController.php(782): ProductController->renderPartial()
#10 E:\MYPROJECTS\vsale\protected\controllers\ProductController.php(79): ProductController->render()
#11 C:\wamp\yii\framework\web\actions\CInlineAction.php(49): ProductController->actionCreate()
#12 C:\wamp\yii\framework\web\CController.php(308): CInlineAction->runWithParams()
#13 C:\wamp\yii\framework\web\filters\CFilterChain.php(133): ProductController->runAction()
#14 C:\wamp\yii\framework\web\filters\CFilter.php(40): CFilterChain->run()
#15 C:\wamp\yii\framework\web\CController.php(1145): CAccessControlFilter->filter()
#16 C:\wamp\yii\framework\web\filters\CInlineFilter.php(58): ProductController->filterAccessControl()
#17 C:\wamp\yii\framework\web\filters\CFilterChain.php(130): CInlineFilter->filter()
#18 C:\wamp\yii\framework\web\CController.php(291): CFilterChain->run()
#19 C:\wamp\yii\framework\web\CController.php(265): ProductController->runActionWithFilters()
#20 C:\wamp\yii\framework\web\CWebApplication.php(282): ProductController->run()
#21 C:\wamp\yii\framework\web\CWebApplication.php(141): CWebApplication->runController()
#22 C:\wamp\yii\framework\base\CApplication.php(169): CWebApplication->processRequest()
#23 E:\MYPROJECTS\vsale\index.php(13): CWebApplication->run()
REQUEST_URI=/vsale/index.php?r=product/create
in E:\MYPROJECTS\vsale\protected\models\Product.php (80)
in E:\MYPROJECTS\vsale\protected\views\product\_form.php (20)
in E:\MYPROJECTS\vsale\protected\views\product\create.php (18)
2013/10/12 15:28:44 [error] [php] include(Type.php): failed to open stream: No such file or directory (C:\wamp\yii\framework\YiiBase.php:421)
Stack trace:
#0 E:\MYPROJECTS\vsale\protected\models\Product.php(80): spl_autoload_call()
#1 E:\MYPROJECTS\vsale\protected\views\product\_form.php(20): Product->getCategories()
#2 C:\wamp\yii\framework\web\CBaseController.php(126): require()
#3 C:\wamp\yii\framework\web\CBaseController.php(95): ProductController->renderInternal()
#4 C:\wamp\yii\framework\web\CController.php(869): ProductController->renderFile()
#5 E:\MYPROJECTS\vsale\protected\views\product\create.php(18): ProductController->renderPartial()
#6 C:\wamp\yii\framework\web\CBaseController.php(126): require()
#7 C:\wamp\yii\framework\web\CBaseController.php(95): ProductController->renderInternal()
#8 C:\wamp\yii\framework\web\CController.php(869): ProductController->renderFile()
#9 C:\wamp\yii\framework\web\CController.php(782): ProductController->renderPartial()
#10 E:\MYPROJECTS\vsale\protected\controllers\ProductController.php(79): ProductController->render()
#11 C:\wamp\yii\framework\web\actions\CInlineAction.php(49): ProductController->actionCreate()
#12 C:\wamp\yii\framework\web\CController.php(308): CInlineAction->runWithParams()
#13 C:\wamp\yii\framework\web\filters\CFilterChain.php(133): ProductController->runAction()
#14 C:\wamp\yii\framework\web\filters\CFilter.php(40): CFilterChain->run()
#15 C:\wamp\yii\framework\web\CController.php(1145): CAccessControlFilter->filter()
#16 C:\wamp\yii\framework\web\filters\CInlineFilter.php(58): ProductController->filterAccessControl()
#17 C:\wamp\yii\framework\web\filters\CFilterChain.php(130): CInlineFilter->filter()
#18 C:\wamp\yii\framework\web\CController.php(291): CFilterChain->run()
#19 C:\wamp\yii\framework\web\CController.php(265): ProductController->runActionWithFilters()
#20 C:\wamp\yii\framework\web\CWebApplication.php(282): ProductController->run()
#21 C:\wamp\yii\framework\web\CWebApplication.php(141): CWebApplication->runController()
#22 C:\wamp\yii\framework\base\CApplication.php(169): CWebApplication->processRequest()
#23 E:\MYPROJECTS\vsale\index.php(13): CWebApplication->run()
REQUEST_URI=/vsale/index.php?r=product/create
in E:\MYPROJECTS\vsale\protected\models\Product.php (80)
in E:\MYPROJECTS\vsale\protected\views\product\_form.php (20)
in E:\MYPROJECTS\vsale\protected\views\product\create.php (18)
2013/10/12 15:29:02 [error] [php] include(Type.php): failed to open stream: No such file or directory (C:\wamp\yii\framework\YiiBase.php:421)
Stack trace:
#0 E:\MYPROJECTS\vsale\protected\models\Product.php(80): spl_autoload_call()
#1 E:\MYPROJECTS\vsale\protected\views\product\_form.php(20): Product->getCategories()
#2 C:\wamp\yii\framework\web\CBaseController.php(126): require()
#3 C:\wamp\yii\framework\web\CBaseController.php(95): ProductController->renderInternal()
#4 C:\wamp\yii\framework\web\CController.php(869): ProductController->renderFile()
#5 E:\MYPROJECTS\vsale\protected\views\product\create.php(18): ProductController->renderPartial()
#6 C:\wamp\yii\framework\web\CBaseController.php(126): require()
#7 C:\wamp\yii\framework\web\CBaseController.php(95): ProductController->renderInternal()
#8 C:\wamp\yii\framework\web\CController.php(869): ProductController->renderFile()
#9 C:\wamp\yii\framework\web\CController.php(782): ProductController->renderPartial()
#10 E:\MYPROJECTS\vsale\protected\controllers\ProductController.php(79): ProductController->render()
#11 C:\wamp\yii\framework\web\actions\CInlineAction.php(49): ProductController->actionCreate()
#12 C:\wamp\yii\framework\web\CController.php(308): CInlineAction->runWithParams()
#13 C:\wamp\yii\framework\web\filters\CFilterChain.php(133): ProductController->runAction()
#14 C:\wamp\yii\framework\web\filters\CFilter.php(40): CFilterChain->run()
#15 C:\wamp\yii\framework\web\CController.php(1145): CAccessControlFilter->filter()
#16 C:\wamp\yii\framework\web\filters\CInlineFilter.php(58): ProductController->filterAccessControl()
#17 C:\wamp\yii\framework\web\filters\CFilterChain.php(130): CInlineFilter->filter()
#18 C:\wamp\yii\framework\web\CController.php(291): CFilterChain->run()
#19 C:\wamp\yii\framework\web\CController.php(265): ProductController->runActionWithFilters()
#20 C:\wamp\yii\framework\web\CWebApplication.php(282): ProductController->run()
#21 C:\wamp\yii\framework\web\CWebApplication.php(141): CWebApplication->runController()
#22 C:\wamp\yii\framework\base\CApplication.php(169): CWebApplication->processRequest()
#23 E:\MYPROJECTS\vsale\index.php(13): CWebApplication->run()
REQUEST_URI=/vsale/index.php?r=product/create
in E:\MYPROJECTS\vsale\protected\models\Product.php (80)
in E:\MYPROJECTS\vsale\protected\views\product\_form.php (20)
in E:\MYPROJECTS\vsale\protected\views\product\create.php (18)
2013/10/12 15:29:57 [error] [php] include(Type.php): failed to open stream: No such file or directory (C:\wamp\yii\framework\YiiBase.php:421)
Stack trace:
#0 E:\MYPROJECTS\vsale\protected\models\Product.php(80): spl_autoload_call()
#1 E:\MYPROJECTS\vsale\protected\views\product\_form.php(20): Product->getCategories()
#2 C:\wamp\yii\framework\web\CBaseController.php(126): require()
#3 C:\wamp\yii\framework\web\CBaseController.php(95): ProductController->renderInternal()
#4 C:\wamp\yii\framework\web\CController.php(869): ProductController->renderFile()
#5 E:\MYPROJECTS\vsale\protected\views\product\create.php(18): ProductController->renderPartial()
#6 C:\wamp\yii\framework\web\CBaseController.php(126): require()
#7 C:\wamp\yii\framework\web\CBaseController.php(95): ProductController->renderInternal()
#8 C:\wamp\yii\framework\web\CController.php(869): ProductController->renderFile()
#9 C:\wamp\yii\framework\web\CController.php(782): ProductController->renderPartial()
#10 E:\MYPROJECTS\vsale\protected\controllers\ProductController.php(79): ProductController->render()
#11 C:\wamp\yii\framework\web\actions\CInlineAction.php(49): ProductController->actionCreate()
#12 C:\wamp\yii\framework\web\CController.php(308): CInlineAction->runWithParams()
#13 C:\wamp\yii\framework\web\filters\CFilterChain.php(133): ProductController->runAction()
#14 C:\wamp\yii\framework\web\filters\CFilter.php(40): CFilterChain->run()
#15 C:\wamp\yii\framework\web\CController.php(1145): CAccessControlFilter->filter()
#16 C:\wamp\yii\framework\web\filters\CInlineFilter.php(58): ProductController->filterAccessControl()
#17 C:\wamp\yii\framework\web\filters\CFilterChain.php(130): CInlineFilter->filter()
#18 C:\wamp\yii\framework\web\CController.php(291): CFilterChain->run()
#19 C:\wamp\yii\framework\web\CController.php(265): ProductController->runActionWithFilters()
#20 C:\wamp\yii\framework\web\CWebApplication.php(282): ProductController->run()
#21 C:\wamp\yii\framework\web\CWebApplication.php(141): CWebApplication->runController()
#22 C:\wamp\yii\framework\base\CApplication.php(169): CWebApplication->processRequest()
#23 E:\MYPROJECTS\vsale\index.php(13): CWebApplication->run()
REQUEST_URI=/vsale/index.php?r=product/create
in E:\MYPROJECTS\vsale\protected\models\Product.php (80)
in E:\MYPROJECTS\vsale\protected\views\product\_form.php (20)
in E:\MYPROJECTS\vsale\protected\views\product\create.php (18)
2013/10/12 15:31:50 [error] [php] include(Type.php): failed to open stream: No such file or directory (C:\wamp\yii\framework\YiiBase.php:421)
Stack trace:
#0 E:\MYPROJECTS\vsale\protected\models\Product.php(80): spl_autoload_call()
#1 E:\MYPROJECTS\vsale\protected\views\product\_form.php(26): Product->getCategories()
#2 C:\wamp\yii\framework\web\CBaseController.php(126): require()
#3 C:\wamp\yii\framework\web\CBaseController.php(95): ProductController->renderInternal()
#4 C:\wamp\yii\framework\web\CController.php(869): ProductController->renderFile()
#5 E:\MYPROJECTS\vsale\protected\views\product\create.php(18): ProductController->renderPartial()
#6 C:\wamp\yii\framework\web\CBaseController.php(126): require()
#7 C:\wamp\yii\framework\web\CBaseController.php(95): ProductController->renderInternal()
#8 C:\wamp\yii\framework\web\CController.php(869): ProductController->renderFile()
#9 C:\wamp\yii\framework\web\CController.php(782): ProductController->renderPartial()
#10 E:\MYPROJECTS\vsale\protected\controllers\ProductController.php(79): ProductController->render()
#11 C:\wamp\yii\framework\web\actions\CInlineAction.php(49): ProductController->actionCreate()
#12 C:\wamp\yii\framework\web\CController.php(308): CInlineAction->runWithParams()
#13 C:\wamp\yii\framework\web\filters\CFilterChain.php(133): ProductController->runAction()
#14 C:\wamp\yii\framework\web\filters\CFilter.php(40): CFilterChain->run()
#15 C:\wamp\yii\framework\web\CController.php(1145): CAccessControlFilter->filter()
#16 C:\wamp\yii\framework\web\filters\CInlineFilter.php(58): ProductController->filterAccessControl()
#17 C:\wamp\yii\framework\web\filters\CFilterChain.php(130): CInlineFilter->filter()
#18 C:\wamp\yii\framework\web\CController.php(291): CFilterChain->run()
#19 C:\wamp\yii\framework\web\CController.php(265): ProductController->runActionWithFilters()
#20 C:\wamp\yii\framework\web\CWebApplication.php(282): ProductController->run()
#21 C:\wamp\yii\framework\web\CWebApplication.php(141): CWebApplication->runController()
#22 C:\wamp\yii\framework\base\CApplication.php(169): CWebApplication->processRequest()
#23 E:\MYPROJECTS\vsale\index.php(13): CWebApplication->run()
REQUEST_URI=/vsale/index.php?r=product/create
in E:\MYPROJECTS\vsale\protected\models\Product.php (80)
in E:\MYPROJECTS\vsale\protected\views\product\_form.php (26)
in E:\MYPROJECTS\vsale\protected\views\product\create.php (18)
2013/10/12 15:50:13 [error] [exception.CException] exception 'CException' with message 'Product and its behaviors do not have a method or closure named "getCategories".' in C:\wamp\yii\framework\base\CComponent.php:265
Stack trace:
#0 C:\wamp\yii\framework\db\ar\CActiveRecord.php(225): CComponent->__call('getCategories', Array)
#1 E:\MYPROJECTS\vsale\protected\views\product\_form.php(26): CActiveRecord->__call('getCategories', Array)
#2 E:\MYPROJECTS\vsale\protected\views\product\_form.php(26): Product->getCategories()
#3 C:\wamp\yii\framework\web\CBaseController.php(126): require('E:\MYPROJECTS\v...')
#4 C:\wamp\yii\framework\web\CBaseController.php(95): CBaseController->renderInternal('E:\MYPROJECTS\v...', Array, true)
#5 C:\wamp\yii\framework\web\CController.php(869): CBaseController->renderFile('E:\MYPROJECTS\v...', Array, true)
#6 E:\MYPROJECTS\vsale\protected\views\product\create.php(18): CController->renderPartial('_form', Array)
#7 C:\wamp\yii\framework\web\CBaseController.php(126): require('E:\MYPROJECTS\v...')
#8 C:\wamp\yii\framework\web\CBaseController.php(95): CBaseController->renderInternal('E:\MYPROJECTS\v...', Array, true)
#9 C:\wamp\yii\framework\web\CController.php(869): CBaseController->renderFile('E:\MYPROJECTS\v...', Array, true)
#10 C:\wamp\yii\framework\web\CController.php(782): CController->renderPartial('create', Array, true)
#11 E:\MYPROJECTS\vsale\protected\controllers\ProductController.php(79): CController->render('create', Array)
#12 C:\wamp\yii\framework\web\actions\CInlineAction.php(49): ProductController->actionCreate()
#13 C:\wamp\yii\framework\web\CController.php(308): CInlineAction->runWithParams(Array)
#14 C:\wamp\yii\framework\web\filters\CFilterChain.php(133): CController->runAction(Object(CInlineAction))
#15 C:\wamp\yii\framework\web\filters\CFilter.php(40): CFilterChain->run()
#16 C:\wamp\yii\framework\web\CController.php(1145): CFilter->filter(Object(CFilterChain))
#17 C:\wamp\yii\framework\web\filters\CInlineFilter.php(58): CController->filterAccessControl(Object(CFilterChain))
#18 C:\wamp\yii\framework\web\filters\CFilterChain.php(130): CInlineFilter->filter(Object(CFilterChain))
#19 C:\wamp\yii\framework\web\CController.php(291): CFilterChain->run()
#20 C:\wamp\yii\framework\web\CController.php(265): CController->runActionWithFilters(Object(CInlineAction), Array)
#21 C:\wamp\yii\framework\web\CWebApplication.php(282): CController->run('create')
#22 C:\wamp\yii\framework\web\CWebApplication.php(141): CWebApplication->runController('product/create')
#23 C:\wamp\yii\framework\base\CApplication.php(169): CWebApplication->processRequest()
#24 E:\MYPROJECTS\vsale\index.php(13): CApplication->run()
#25 {main}
REQUEST_URI=/vsale/index.php?r=product/create
HTTP_REFERER=http://localhost/vsale/index.php?r=product/admin
---
2013/10/13 16:06:49 [error] [exception.CException] exception 'CException' with message 'Property "Product.Cat" is not defined.' in C:\wamp\yii\framework\base\CComponent.php:130
Stack trace:
#0 C:\wamp\yii\framework\db\ar\CActiveRecord.php(143): CComponent->__get('Cat')
#1 C:\wamp\yii\framework\base\CComponent.php(606) : eval()'d code(1): CActiveRecord->__get('Cat')
#2 C:\wamp\yii\framework\base\CComponent.php(606): eval()
#3 C:\wamp\yii\framework\zii\widgets\grid\CDataColumn.php(131): CComponent->evaluateExpression('$data->Cat->cat...', Array)
#4 C:\wamp\yii\framework\zii\widgets\grid\CGridColumn.php(144): CDataColumn->renderDataCellContent(0, Object(Product))
#5 C:\wamp\yii\framework\zii\widgets\grid\CGridView.php(589): CGridColumn->renderDataCell(0)
#6 C:\wamp\yii\framework\zii\widgets\grid\CGridView.php(545): CGridView->renderTableRow(0)
#7 C:\wamp\yii\framework\zii\widgets\grid\CGridView.php(455): CGridView->renderTableBody()
#8 C:\wamp\yii\framework\zii\widgets\CBaseListView.php(160): CGridView->renderItems()
#9 [internal function]: CBaseListView->renderSection(Array)
#10 C:\wamp\yii\framework\zii\widgets\CBaseListView.php(143): preg_replace_callback('/{(\w+)}/', Array, '{summary}?{item...')
#11 C:\wamp\yii\framework\zii\widgets\CBaseListView.php(128): CBaseListView->renderContent()
#12 C:\wamp\yii\framework\web\CBaseController.php(173): CBaseListView->run()
#13 E:\MYPROJECTS\vsale\protected\views\product\admin.php(61): CBaseController->widget('zii.widgets.gri...', Array)
#14 C:\wamp\yii\framework\web\CBaseController.php(126): require('E:\MYPROJECTS\v...')
#15 C:\wamp\yii\framework\web\CBaseController.php(95): CBaseController->renderInternal('E:\MYPROJECTS\v...', Array, true)
#16 C:\wamp\yii\framework\web\CController.php(869): CBaseController->renderFile('E:\MYPROJECTS\v...', Array, true)
#17 C:\wamp\yii\framework\web\CController.php(782): CController->renderPartial('admin', Array, true)
#18 E:\MYPROJECTS\vsale\protected\controllers\ProductController.php(143): CController->render('admin', Array)
#19 C:\wamp\yii\framework\web\actions\CInlineAction.php(49): ProductController->actionAdmin()
#20 C:\wamp\yii\framework\web\CController.php(308): CInlineAction->runWithParams(Array)
#21 C:\wamp\yii\framework\web\filters\CFilterChain.php(133): CController->runAction(Object(CInlineAction))
#22 C:\wamp\yii\framework\web\filters\CFilter.php(40): CFilterChain->run()
#23 C:\wamp\yii\framework\web\CController.php(1145): CFilter->filter(Object(CFilterChain))
#24 C:\wamp\yii\framework\web\filters\CInlineFilter.php(58): CController->filterAccessControl(Object(CFilterChain))
#25 C:\wamp\yii\framework\web\filters\CFilterChain.php(130): CInlineFilter->filter(Object(CFilterChain))
#26 C:\wamp\yii\framework\web\CController.php(291): CFilterChain->run()
#27 C:\wamp\yii\framework\web\CController.php(265): CController->runActionWithFilters(Object(CInlineAction), Array)
#28 C:\wamp\yii\framework\web\CWebApplication.php(282): CController->run('admin')
#29 C:\wamp\yii\framework\web\CWebApplication.php(141): CWebApplication->runController('product/admin')
#30 C:\wamp\yii\framework\base\CApplication.php(169): CWebApplication->processRequest()
#31 E:\MYPROJECTS\vsale\index.php(13): CApplication->run()
#32 {main}
REQUEST_URI=/vsale/index.php?r=product/admin
HTTP_REFERER=http://localhost/vsale/index.php?r=customer/admin
---
2013/10/13 16:11:26 [error] [exception.CException] exception 'CException' with message 'Either "name" or "value" must be specified for CDataColumn.' in C:\wamp\yii\framework\zii\widgets\grid\CDataColumn.php:78
Stack trace:
#0 C:\wamp\yii\framework\zii\widgets\grid\CGridView.php(376): CDataColumn->init()
#1 C:\wamp\yii\framework\zii\widgets\grid\CGridView.php(334): CGridView->initColumns()
#2 C:\wamp\yii\framework\web\CBaseController.php(147): CGridView->init()
#3 C:\wamp\yii\framework\web\CBaseController.php(172): CBaseController->createWidget('zii.widgets.gri...', Array)
#4 E:\MYPROJECTS\vsale\protected\views\product\admin.php(71): CBaseController->widget('zii.widgets.gri...', Array)
#5 C:\wamp\yii\framework\web\CBaseController.php(126): require('E:\MYPROJECTS\v...')
#6 C:\wamp\yii\framework\web\CBaseController.php(95): CBaseController->renderInternal('E:\MYPROJECTS\v...', Array, true)
#7 C:\wamp\yii\framework\web\CController.php(869): CBaseController->renderFile('E:\MYPROJECTS\v...', Array, true)
#8 C:\wamp\yii\framework\web\CController.php(782): CController->renderPartial('admin', Array, true)
#9 E:\MYPROJECTS\vsale\protected\controllers\ProductController.php(143): CController->render('admin', Array)
#10 C:\wamp\yii\framework\web\actions\CInlineAction.php(49): ProductController->actionAdmin()
#11 C:\wamp\yii\framework\web\CController.php(308): CInlineAction->runWithParams(Array)
#12 C:\wamp\yii\framework\web\filters\CFilterChain.php(133): CController->runAction(Object(CInlineAction))
#13 C:\wamp\yii\framework\web\filters\CFilter.php(40): CFilterChain->run()
#14 C:\wamp\yii\framework\web\CController.php(1145): CFilter->filter(Object(CFilterChain))
#15 C:\wamp\yii\framework\web\filters\CInlineFilter.php(58): CController->filterAccessControl(Object(CFilterChain))
#16 C:\wamp\yii\framework\web\filters\CFilterChain.php(130): CInlineFilter->filter(Object(CFilterChain))
#17 C:\wamp\yii\framework\web\CController.php(291): CFilterChain->run()
#18 C:\wamp\yii\framework\web\CController.php(265): CController->runActionWithFilters(Object(CInlineAction), Array)
#19 C:\wamp\yii\framework\web\CWebApplication.php(282): CController->run('admin')
#20 C:\wamp\yii\framework\web\CWebApplication.php(141): CWebApplication->runController('product/admin')
#21 C:\wamp\yii\framework\base\CApplication.php(169): CWebApplication->processRequest()
#22 E:\MYPROJECTS\vsale\index.php(13): CApplication->run()
#23 {main}
REQUEST_URI=/vsale/index.php?r=product/admin
HTTP_REFERER=http://localhost/vsale/index.php?r=customer/admin
---
2013/10/13 16:36:17 [warning] [application] Failed to set unsafe attribute "status" of "Product".
in E:\MYPROJECTS\vsale\protected\controllers\ProductController.php (72)
in E:\MYPROJECTS\vsale\index.php (13)
2013/10/13 16:38:03 [error] [php] Use of undefined constant status - assumed 'status' (E:\MYPROJECTS\vsale\protected\views\product\admin.php:67)
Stack trace:
#0 C:\wamp\yii\framework\web\CController.php(869): ProductController->renderFile()
#1 C:\wamp\yii\framework\web\CController.php(782): ProductController->renderPartial()
#2 E:\MYPROJECTS\vsale\protected\controllers\ProductController.php(143): ProductController->render()
#3 C:\wamp\yii\framework\web\actions\CInlineAction.php(49): ProductController->actionAdmin()
#4 C:\wamp\yii\framework\web\CController.php(308): CInlineAction->runWithParams()
#5 C:\wamp\yii\framework\web\filters\CFilterChain.php(133): ProductController->runAction()
#6 C:\wamp\yii\framework\web\filters\CFilter.php(40): CFilterChain->run()
#7 C:\wamp\yii\framework\web\CController.php(1145): CAccessControlFilter->filter()
#8 C:\wamp\yii\framework\web\filters\CInlineFilter.php(58): ProductController->filterAccessControl()
#9 C:\wamp\yii\framework\web\filters\CFilterChain.php(130): CInlineFilter->filter()
#10 C:\wamp\yii\framework\web\CController.php(291): CFilterChain->run()
#11 C:\wamp\yii\framework\web\CController.php(265): ProductController->runActionWithFilters()
#12 C:\wamp\yii\framework\web\CWebApplication.php(282): ProductController->run()
#13 C:\wamp\yii\framework\web\CWebApplication.php(141): CWebApplication->runController()
#14 C:\wamp\yii\framework\base\CApplication.php(169): CWebApplication->processRequest()
#15 E:\MYPROJECTS\vsale\index.php(13): CWebApplication->run()
REQUEST_URI=/vsale/index.php?r=product/admin
in E:\MYPROJECTS\vsale\protected\views\product\admin.php (67)
in E:\MYPROJECTS\vsale\protected\controllers\ProductController.php (143)
in E:\MYPROJECTS\vsale\index.php (13)
2013/10/13 16:38:33 [error] [php] Use of undefined constant status - assumed 'status' (E:\MYPROJECTS\vsale\protected\views\product\admin.php:67)
Stack trace:
#0 C:\wamp\yii\framework\web\CController.php(869): ProductController->renderFile()
#1 C:\wamp\yii\framework\web\CController.php(782): ProductController->renderPartial()
#2 E:\MYPROJECTS\vsale\protected\controllers\ProductController.php(143): ProductController->render()
#3 C:\wamp\yii\framework\web\actions\CInlineAction.php(49): ProductController->actionAdmin()
#4 C:\wamp\yii\framework\web\CController.php(308): CInlineAction->runWithParams()
#5 C:\wamp\yii\framework\web\filters\CFilterChain.php(133): ProductController->runAction()
#6 C:\wamp\yii\framework\web\filters\CFilter.php(40): CFilterChain->run()
#7 C:\wamp\yii\framework\web\CController.php(1145): CAccessControlFilter->filter()
#8 C:\wamp\yii\framework\web\filters\CInlineFilter.php(58): ProductController->filterAccessControl()
#9 C:\wamp\yii\framework\web\filters\CFilterChain.php(130): CInlineFilter->filter()
#10 C:\wamp\yii\framework\web\CController.php(291): CFilterChain->run()
#11 C:\wamp\yii\framework\web\CController.php(265): ProductController->runActionWithFilters()
#12 C:\wamp\yii\framework\web\CWebApplication.php(282): ProductController->run()
#13 C:\wamp\yii\framework\web\CWebApplication.php(141): CWebApplication->runController()
#14 C:\wamp\yii\framework\base\CApplication.php(169): CWebApplication->processRequest()
#15 E:\MYPROJECTS\vsale\index.php(13): CWebApplication->run()
REQUEST_URI=/vsale/index.php?r=product/admin
in E:\MYPROJECTS\vsale\protected\views\product\admin.php (67)
in E:\MYPROJECTS\vsale\protected\controllers\ProductController.php (143)
in E:\MYPROJECTS\vsale\index.php (13)
2013/10/13 16:40:50 [error] [php] include(status.php): failed to open stream: No such file or directory (C:\wamp\yii\framework\YiiBase.php:421)
Stack trace:
#0 C:\wamp\yii\framework\validators\CValidator.php(186): import()
#1 C:\wamp\yii\framework\base\CModel.php(286): createValidator()
#2 C:\wamp\yii\framework\base\CModel.php(260): Product->createValidators()
#3 C:\wamp\yii\framework\web\helpers\CHtml.php(1964): Product->getValidators()
#4 C:\wamp\yii\framework\web\helpers\CHtml.php(1257): activeInputField()
#5 C:\wamp\yii\framework\web\widgets\CActiveForm.php(657): activeTextField()
#6 E:\MYPROJECTS\vsale\protected\views\product\_search.php(16): CActiveForm->textField()
#7 C:\wamp\yii\framework\web\CBaseController.php(126): require()
#8 C:\wamp\yii\framework\web\CBaseController.php(95): ProductController->renderInternal()
#9 C:\wamp\yii\framework\web\CController.php(869): ProductController->renderFile()
#10 E:\MYPROJECTS\vsale\protected\views\product\admin.php(40): ProductController->renderPartial()
#11 C:\wamp\yii\framework\web\CBaseController.php(126): require()
#12 C:\wamp\yii\framework\web\CBaseController.php(95): ProductController->renderInternal()
#13 C:\wamp\yii\framework\web\CController.php(869): ProductController->renderFile()
#14 C:\wamp\yii\framework\web\CController.php(782): ProductController->renderPartial()
#15 E:\MYPROJECTS\vsale\protected\controllers\ProductController.php(143): ProductController->render()
#16 C:\wamp\yii\framework\web\actions\CInlineAction.php(49): ProductController->actionAdmin()
#17 C:\wamp\yii\framework\web\CController.php(308): CInlineAction->runWithParams()
#18 C:\wamp\yii\framework\web\filters\CFilterChain.php(133): ProductController->runAction()
#19 C:\wamp\yii\framework\web\filters\CFilter.php(40): CFilterChain->run()
#20 C:\wamp\yii\framework\web\CController.php(1145): CAccessControlFilter->filter()
#21 C:\wamp\yii\framework\web\filters\CInlineFilter.php(58): ProductController->filterAccessControl()
#22 C:\wamp\yii\framework\web\filters\CFilterChain.php(130): CInlineFilter->filter()
#23 C:\wamp\yii\framework\web\CController.php(291): CFilterChain->run()
#24 C:\wamp\yii\framework\web\CController.php(265): ProductController->runActionWithFilters()
#25 C:\wamp\yii\framework\web\CWebApplication.php(282): ProductController->run()
#26 C:\wamp\yii\framework\web\CWebApplication.php(141): CWebApplication->runController()
#27 C:\wamp\yii\framework\base\CApplication.php(169): CWebApplication->processRequest()
#28 E:\MYPROJECTS\vsale\index.php(13): CWebApplication->run()
REQUEST_URI=/vsale/index.php?r=product/admin
in E:\MYPROJECTS\vsale\protected\views\product\_search.php (16)
in E:\MYPROJECTS\vsale\protected\views\product\admin.php (40)
in E:\MYPROJECTS\vsale\protected\controllers\ProductController.php (143)
2013/10/13 16:45:31 [error] [php] include(status.php): failed to open stream: No such file or directory (C:\wamp\yii\framework\YiiBase.php:421)
Stack trace:
#0 C:\wamp\yii\framework\validators\CValidator.php(186): import()
#1 C:\wamp\yii\framework\base\CModel.php(286): createValidator()
#2 C:\wamp\yii\framework\base\CModel.php(260): Product->createValidators()
#3 C:\wamp\yii\framework\web\helpers\CHtml.php(1964): Product->getValidators()
#4 C:\wamp\yii\framework\web\helpers\CHtml.php(1257): activeInputField()
#5 C:\wamp\yii\framework\web\widgets\CActiveForm.php(657): activeTextField()
#6 E:\MYPROJECTS\vsale\protected\views\product\_search.php(16): CActiveForm->textField()
#7 C:\wamp\yii\framework\web\CBaseController.php(126): require()
#8 C:\wamp\yii\framework\web\CBaseController.php(95): ProductController->renderInternal()
#9 C:\wamp\yii\framework\web\CController.php(869): ProductController->renderFile()
#10 E:\MYPROJECTS\vsale\protected\views\product\admin.php(35): ProductController->renderPartial()
#11 C:\wamp\yii\framework\web\CBaseController.php(126): require()
#12 C:\wamp\yii\framework\web\CBaseController.php(95): ProductController->renderInternal()
#13 C:\wamp\yii\framework\web\CController.php(869): ProductController->renderFile()
#14 C:\wamp\yii\framework\web\CController.php(782): ProductController->renderPartial()
#15 E:\MYPROJECTS\vsale\protected\controllers\ProductController.php(143): ProductController->render()
#16 C:\wamp\yii\framework\web\actions\CInlineAction.php(49): ProductController->actionAdmin()
#17 C:\wamp\yii\framework\web\CController.php(308): CInlineAction->runWithParams()
#18 C:\wamp\yii\framework\web\filters\CFilterChain.php(133): ProductController->runAction()
#19 C:\wamp\yii\framework\web\filters\CFilter.php(40): CFilterChain->run()
#20 C:\wamp\yii\framework\web\CController.php(1145): CAccessControlFilter->filter()
#21 C:\wamp\yii\framework\web\filters\CInlineFilter.php(58): ProductController->filterAccessControl()
#22 C:\wamp\yii\framework\web\filters\CFilterChain.php(130): CInlineFilter->filter()
#23 C:\wamp\yii\framework\web\CController.php(291): CFilterChain->run()
#24 C:\wamp\yii\framework\web\CController.php(265): ProductController->runActionWithFilters()
#25 C:\wamp\yii\framework\web\CWebApplication.php(282): ProductController->run()
#26 C:\wamp\yii\framework\web\CWebApplication.php(141): CWebApplication->runController()
#27 C:\wamp\yii\framework\base\CApplication.php(169): CWebApplication->processRequest()
#28 E:\MYPROJECTS\vsale\index.php(13): CWebApplication->run()
REQUEST_URI=/vsale/index.php?r=product/admin
in E:\MYPROJECTS\vsale\protected\views\product\_search.php (16)
in E:\MYPROJECTS\vsale\protected\views\product\admin.php (35)
in E:\MYPROJECTS\vsale\protected\controllers\ProductController.php (143)
2013/10/13 16:49:20 [error] [php] include(status.php): failed to open stream: No such file or directory (C:\wamp\yii\framework\YiiBase.php:421)
Stack trace:
#0 C:\wamp\yii\framework\validators\CValidator.php(186): import()
#1 C:\wamp\yii\framework\base\CModel.php(286): createValidator()
#2 C:\wamp\yii\framework\base\CModel.php(260): Product->createValidators()
#3 C:\wamp\yii\framework\web\helpers\CHtml.php(1964): Product->getValidators()
#4 C:\wamp\yii\framework\web\helpers\CHtml.php(1257): activeInputField()
#5 C:\wamp\yii\framework\web\widgets\CActiveForm.php(657): activeTextField()
#6 E:\MYPROJECTS\vsale\protected\views\product\_search.php(16): CActiveForm->textField()
#7 C:\wamp\yii\framework\web\CBaseController.php(126): require()
#8 C:\wamp\yii\framework\web\CBaseController.php(95): ProductController->renderInternal()
#9 C:\wamp\yii\framework\web\CController.php(869): ProductController->renderFile()
#10 E:\MYPROJECTS\vsale\protected\views\product\admin.php(35): ProductController->renderPartial()
#11 C:\wamp\yii\framework\web\CBaseController.php(126): require()
#12 C:\wamp\yii\framework\web\CBaseController.php(95): ProductController->renderInternal()
#13 C:\wamp\yii\framework\web\CController.php(869): ProductController->renderFile()
#14 C:\wamp\yii\framework\web\CController.php(782): ProductController->renderPartial()
#15 E:\MYPROJECTS\vsale\protected\controllers\ProductController.php(143): ProductController->render()
#16 C:\wamp\yii\framework\web\actions\CInlineAction.php(49): ProductController->actionAdmin()
#17 C:\wamp\yii\framework\web\CController.php(308): CInlineAction->runWithParams()
#18 C:\wamp\yii\framework\web\filters\CFilterChain.php(133): ProductController->runAction()
#19 C:\wamp\yii\framework\web\filters\CFilter.php(40): CFilterChain->run()
#20 C:\wamp\yii\framework\web\CController.php(1145): CAccessControlFilter->filter()
#21 C:\wamp\yii\framework\web\filters\CInlineFilter.php(58): ProductController->filterAccessControl()
#22 C:\wamp\yii\framework\web\filters\CFilterChain.php(130): CInlineFilter->filter()
#23 C:\wamp\yii\framework\web\CController.php(291): CFilterChain->run()
#24 C:\wamp\yii\framework\web\CController.php(265): ProductController->runActionWithFilters()
#25 C:\wamp\yii\framework\web\CWebApplication.php(282): ProductController->run()
#26 C:\wamp\yii\framework\web\CWebApplication.php(141): CWebApplication->runController()
#27 C:\wamp\yii\framework\base\CApplication.php(169): CWebApplication->processRequest()
#28 E:\MYPROJECTS\vsale\index.php(13): CWebApplication->run()
REQUEST_URI=/vsale/index.php?r=product/admin
in E:\MYPROJECTS\vsale\protected\views\product\_search.php (16)
in E:\MYPROJECTS\vsale\protected\views\product\admin.php (35)
in E:\MYPROJECTS\vsale\protected\controllers\ProductController.php (143)
2013/10/13 16:49:29 [error] [php] include(status.php): failed to open stream: No such file or directory (C:\wamp\yii\framework\YiiBase.php:421)
Stack trace:
#0 C:\wamp\yii\framework\validators\CValidator.php(186): import()
#1 C:\wamp\yii\framework\base\CModel.php(286): createValidator()
#2 C:\wamp\yii\framework\base\CModel.php(260): Product->createValidators()
#3 C:\wamp\yii\framework\web\helpers\CHtml.php(1964): Product->getValidators()
#4 C:\wamp\yii\framework\web\helpers\CHtml.php(1257): activeInputField()
#5 C:\wamp\yii\framework\web\widgets\CActiveForm.php(657): activeTextField()
#6 E:\MYPROJECTS\vsale\protected\views\product\_search.php(16): CActiveForm->textField()
#7 C:\wamp\yii\framework\web\CBaseController.php(126): require()
#8 C:\wamp\yii\framework\web\CBaseController.php(95): ProductController->renderInternal()
#9 C:\wamp\yii\framework\web\CController.php(869): ProductController->renderFile()
#10 E:\MYPROJECTS\vsale\protected\views\product\admin.php(35): ProductController->renderPartial()
#11 C:\wamp\yii\framework\web\CBaseController.php(126): require()
#12 C:\wamp\yii\framework\web\CBaseController.php(95): ProductController->renderInternal()
#13 C:\wamp\yii\framework\web\CController.php(869): ProductController->renderFile()
#14 C:\wamp\yii\framework\web\CController.php(782): ProductController->renderPartial()
#15 E:\MYPROJECTS\vsale\protected\controllers\ProductController.php(143): ProductController->render()
#16 C:\wamp\yii\framework\web\actions\CInlineAction.php(49): ProductController->actionAdmin()
#17 C:\wamp\yii\framework\web\CController.php(308): CInlineAction->runWithParams()
#18 C:\wamp\yii\framework\web\filters\CFilterChain.php(133): ProductController->runAction()
#19 C:\wamp\yii\framework\web\filters\CFilter.php(40): CFilterChain->run()
#20 C:\wamp\yii\framework\web\CController.php(1145): CAccessControlFilter->filter()
#21 C:\wamp\yii\framework\web\filters\CInlineFilter.php(58): ProductController->filterAccessControl()
#22 C:\wamp\yii\framework\web\filters\CFilterChain.php(130): CInlineFilter->filter()
#23 C:\wamp\yii\framework\web\CController.php(291): CFilterChain->run()
#24 C:\wamp\yii\framework\web\CController.php(265): ProductController->runActionWithFilters()
#25 C:\wamp\yii\framework\web\CWebApplication.php(282): ProductController->run()
#26 C:\wamp\yii\framework\web\CWebApplication.php(141): CWebApplication->runController()
#27 C:\wamp\yii\framework\base\CApplication.php(169): CWebApplication->processRequest()
#28 E:\MYPROJECTS\vsale\index.php(13): CWebApplication->run()
REQUEST_URI=/vsale/index.php?r=product/admin
in E:\MYPROJECTS\vsale\protected\views\product\_search.php (16)
in E:\MYPROJECTS\vsale\protected\views\product\admin.php (35)
in E:\MYPROJECTS\vsale\protected\controllers\ProductController.php (143)
2013/10/13 16:49:36 [error] [php] include(status.php): failed to open stream: No such file or directory (C:\wamp\yii\framework\YiiBase.php:421)
Stack trace:
#0 C:\wamp\yii\framework\validators\CValidator.php(186): import()
#1 C:\wamp\yii\framework\base\CModel.php(286): createValidator()
#2 C:\wamp\yii\framework\base\CModel.php(260): Product->createValidators()
#3 C:\wamp\yii\framework\web\helpers\CHtml.php(1964): Product->getValidators()
#4 C:\wamp\yii\framework\web\helpers\CHtml.php(1257): activeInputField()
#5 C:\wamp\yii\framework\web\widgets\CActiveForm.php(657): activeTextField()
#6 E:\MYPROJECTS\vsale\protected\views\product\_search.php(16): CActiveForm->textField()
#7 C:\wamp\yii\framework\web\CBaseController.php(126): require()
#8 C:\wamp\yii\framework\web\CBaseController.php(95): ProductController->renderInternal()
#9 C:\wamp\yii\framework\web\CController.php(869): ProductController->renderFile()
#10 E:\MYPROJECTS\vsale\protected\views\product\admin.php(35): ProductController->renderPartial()
#11 C:\wamp\yii\framework\web\CBaseController.php(126): require()
#12 C:\wamp\yii\framework\web\CBaseController.php(95): ProductController->renderInternal()
#13 C:\wamp\yii\framework\web\CController.php(869): ProductController->renderFile()
#14 C:\wamp\yii\framework\web\CController.php(782): ProductController->renderPartial()
#15 E:\MYPROJECTS\vsale\protected\controllers\ProductController.php(143): ProductController->render()
#16 C:\wamp\yii\framework\web\actions\CInlineAction.php(49): ProductController->actionAdmin()
#17 C:\wamp\yii\framework\web\CController.php(308): CInlineAction->runWithParams()
#18 C:\wamp\yii\framework\web\filters\CFilterChain.php(133): ProductController->runAction()
#19 C:\wamp\yii\framework\web\filters\CFilter.php(40): CFilterChain->run()
#20 C:\wamp\yii\framework\web\CController.php(1145): CAccessControlFilter->filter()
#21 C:\wamp\yii\framework\web\filters\CInlineFilter.php(58): ProductController->filterAccessControl()
#22 C:\wamp\yii\framework\web\filters\CFilterChain.php(130): CInlineFilter->filter()
#23 C:\wamp\yii\framework\web\CController.php(291): CFilterChain->run()
#24 C:\wamp\yii\framework\web\CController.php(265): ProductController->runActionWithFilters()
#25 C:\wamp\yii\framework\web\CWebApplication.php(282): ProductController->run()
#26 C:\wamp\yii\framework\web\CWebApplication.php(141): CWebApplication->runController()
#27 C:\wamp\yii\framework\base\CApplication.php(169): CWebApplication->processRequest()
#28 E:\MYPROJECTS\vsale\index.php(13): CWebApplication->run()
REQUEST_URI=/vsale/index.php?r=product/admin
in E:\MYPROJECTS\vsale\protected\views\product\_search.php (16)
in E:\MYPROJECTS\vsale\protected\views\product\admin.php (35)
in E:\MYPROJECTS\vsale\protected\controllers\ProductController.php (143)
2013/10/13 16:49:53 [error] [php] include(status.php): failed to open stream: No such file or directory (C:\wamp\yii\framework\YiiBase.php:421)
Stack trace:
#0 C:\wamp\yii\framework\validators\CValidator.php(186): import()
#1 C:\wamp\yii\framework\base\CModel.php(286): createValidator()
#2 C:\wamp\yii\framework\base\CModel.php(260): Product->createValidators()
#3 C:\wamp\yii\framework\web\helpers\CHtml.php(1964): Product->getValidators()
#4 C:\wamp\yii\framework\web\helpers\CHtml.php(1257): activeInputField()
#5 C:\wamp\yii\framework\web\widgets\CActiveForm.php(657): activeTextField()
#6 E:\MYPROJECTS\vsale\protected\views\product\_search.php(16): CActiveForm->textField()
#7 C:\wamp\yii\framework\web\CBaseController.php(126): require()
#8 C:\wamp\yii\framework\web\CBaseController.php(95): ProductController->renderInternal()
#9 C:\wamp\yii\framework\web\CController.php(869): ProductController->renderFile()
#10 E:\MYPROJECTS\vsale\protected\views\product\admin.php(35): ProductController->renderPartial()
#11 C:\wamp\yii\framework\web\CBaseController.php(126): require()
#12 C:\wamp\yii\framework\web\CBaseController.php(95): ProductController->renderInternal()
#13 C:\wamp\yii\framework\web\CController.php(869): ProductController->renderFile()
#14 C:\wamp\yii\framework\web\CController.php(782): ProductController->renderPartial()
#15 E:\MYPROJECTS\vsale\protected\controllers\ProductController.php(143): ProductController->render()
#16 C:\wamp\yii\framework\web\actions\CInlineAction.php(49): ProductController->actionAdmin()
#17 C:\wamp\yii\framework\web\CController.php(308): CInlineAction->runWithParams()
#18 C:\wamp\yii\framework\web\filters\CFilterChain.php(133): ProductController->runAction()
#19 C:\wamp\yii\framework\web\filters\CFilter.php(40): CFilterChain->run()
#20 C:\wamp\yii\framework\web\CController.php(1145): CAccessControlFilter->filter()
#21 C:\wamp\yii\framework\web\filters\CInlineFilter.php(58): ProductController->filterAccessControl()
#22 C:\wamp\yii\framework\web\filters\CFilterChain.php(130): CInlineFilter->filter()
#23 C:\wamp\yii\framework\web\CController.php(291): CFilterChain->run()
#24 C:\wamp\yii\framework\web\CController.php(265): ProductController->runActionWithFilters()
#25 C:\wamp\yii\framework\web\CWebApplication.php(282): ProductController->run()
#26 C:\wamp\yii\framework\web\CWebApplication.php(141): CWebApplication->runController()
#27 C:\wamp\yii\framework\base\CApplication.php(169): CWebApplication->processRequest()
#28 E:\MYPROJECTS\vsale\index.php(13): CWebApplication->run()
REQUEST_URI=/vsale/index.php?r=product/admin
in E:\MYPROJECTS\vsale\protected\views\product\_search.php (16)
in E:\MYPROJECTS\vsale\protected\views\product\admin.php (35)
in E:\MYPROJECTS\vsale\protected\controllers\ProductController.php (143)
2013/10/14 16:00:15 [error] [php] Illegal string offset 'label' (C:\wamp\yii\framework\zii\widgets\CMenu.php:268)
Stack trace:
#0 C:\wamp\yii\framework\web\CBaseController.php(172): SiteController->createWidget()
#1 E:\MYPROJECTS\vsale\protected\views\layouts\main.php(134): SiteController->widget()
#2 C:\wamp\yii\framework\web\CBaseController.php(126): require()
#3 C:\wamp\yii\framework\web\CBaseController.php(95): SiteController->renderInternal()
#4 C:\wamp\yii\framework\web\widgets\CContentDecorator.php(76): SiteController->renderFile()
#5 C:\wamp\yii\framework\web\widgets\CContentDecorator.php(54): CContentDecorator->decorate()
#6 C:\wamp\yii\framework\web\widgets\COutputProcessor.php(44): CContentDecorator->processOutput()
#7 C:\wamp\yii\framework\web\CBaseController.php(206): CContentDecorator->run()
#8 C:\wamp\yii\framework\web\CBaseController.php(300): SiteController->endWidget()
#9 E:\MYPROJECTS\vsale\protected\views\layouts\column1.php(6): SiteController->endContent()
#10 C:\wamp\yii\framework\web\CBaseController.php(126): require()
#11 C:\wamp\yii\framework\web\CBaseController.php(95): SiteController->renderInternal()
#12 C:\wamp\yii\framework\web\CController.php(784): SiteController->renderFile()
#13 E:\MYPROJECTS\vsale\protected\controllers\SiteController.php(32): SiteController->render()
#14 C:\wamp\yii\framework\web\actions\CInlineAction.php(49): SiteController->actionIndex()
#15 C:\wamp\yii\framework\web\CController.php(308): CInlineAction->runWithParams()
#16 C:\wamp\yii\framework\web\CController.php(286): SiteController->runAction()
#17 C:\wamp\yii\framework\web\CController.php(265): SiteController->runActionWithFilters()
#18 C:\wamp\yii\framework\web\CWebApplication.php(282): SiteController->run()
#19 C:\wamp\yii\framework\web\CWebApplication.php(141): CWebApplication->runController()
#20 C:\wamp\yii\framework\base\CApplication.php(169): CWebApplication->processRequest()
#21 E:\MYPROJECTS\vsale\index.php(13): CWebApplication->run()
REQUEST_URI=/vsale/
in E:\MYPROJECTS\vsale\protected\views\layouts\main.php (134)
in E:\MYPROJECTS\vsale\protected\views\layouts\column1.php (6)
in E:\MYPROJECTS\vsale\protected\controllers\SiteController.php (32)
2013/10/14 16:06:15 [error] [php] Illegal string offset 'label' (C:\wamp\yii\framework\zii\widgets\CMenu.php:268)
Stack trace:
#0 C:\wamp\yii\framework\web\CBaseController.php(172): SiteController->createWidget()
#1 E:\MYPROJECTS\vsale\protected\views\layouts\main.php(136): SiteController->widget()
#2 C:\wamp\yii\framework\web\CBaseController.php(126): require()
#3 C:\wamp\yii\framework\web\CBaseController.php(95): SiteController->renderInternal()
#4 C:\wamp\yii\framework\web\widgets\CContentDecorator.php(76): SiteController->renderFile()
#5 C:\wamp\yii\framework\web\widgets\CContentDecorator.php(54): CContentDecorator->decorate()
#6 C:\wamp\yii\framework\web\widgets\COutputProcessor.php(44): CContentDecorator->processOutput()
#7 C:\wamp\yii\framework\web\CBaseController.php(206): CContentDecorator->run()
#8 C:\wamp\yii\framework\web\CBaseController.php(300): SiteController->endWidget()
#9 E:\MYPROJECTS\vsale\protected\views\layouts\column1.php(6): SiteController->endContent()
#10 C:\wamp\yii\framework\web\CBaseController.php(126): require()
#11 C:\wamp\yii\framework\web\CBaseController.php(95): SiteController->renderInternal()
#12 C:\wamp\yii\framework\web\CController.php(784): SiteController->renderFile()
#13 E:\MYPROJECTS\vsale\protected\controllers\SiteController.php(32): SiteController->render()
#14 C:\wamp\yii\framework\web\actions\CInlineAction.php(49): SiteController->actionIndex()
#15 C:\wamp\yii\framework\web\CController.php(308): CInlineAction->runWithParams()
#16 C:\wamp\yii\framework\web\CController.php(286): SiteController->runAction()
#17 C:\wamp\yii\framework\web\CController.php(265): SiteController->runActionWithFilters()
#18 C:\wamp\yii\framework\web\CWebApplication.php(282): SiteController->run()
#19 C:\wamp\yii\framework\web\CWebApplication.php(141): CWebApplication->runController()
#20 C:\wamp\yii\framework\base\CApplication.php(169): CWebApplication->processRequest()
#21 E:\MYPROJECTS\vsale\index.php(13): CWebApplication->run()
REQUEST_URI=/vsale/
in E:\MYPROJECTS\vsale\protected\views\layouts\main.php (136)
in E:\MYPROJECTS\vsale\protected\views\layouts\column1.php (6)
in E:\MYPROJECTS\vsale\protected\controllers\SiteController.php (32)
2013/10/14 16:07:41 [error] [php] Illegal string offset 'label' (C:\wamp\yii\framework\zii\widgets\CMenu.php:268)
Stack trace:
#0 C:\wamp\yii\framework\web\CBaseController.php(172): SiteController->createWidget()
#1 E:\MYPROJECTS\vsale\protected\views\layouts\main.php(136): SiteController->widget()
#2 C:\wamp\yii\framework\web\CBaseController.php(126): require()
#3 C:\wamp\yii\framework\web\CBaseController.php(95): SiteController->renderInternal()
#4 C:\wamp\yii\framework\web\widgets\CContentDecorator.php(76): SiteController->renderFile()
#5 C:\wamp\yii\framework\web\widgets\CContentDecorator.php(54): CContentDecorator->decorate()
#6 C:\wamp\yii\framework\web\widgets\COutputProcessor.php(44): CContentDecorator->processOutput()
#7 C:\wamp\yii\framework\web\CBaseController.php(206): CContentDecorator->run()
#8 C:\wamp\yii\framework\web\CBaseController.php(300): SiteController->endWidget()
#9 E:\MYPROJECTS\vsale\protected\views\layouts\column1.php(6): SiteController->endContent()
#10 C:\wamp\yii\framework\web\CBaseController.php(126): require()
#11 C:\wamp\yii\framework\web\CBaseController.php(95): SiteController->renderInternal()
#12 C:\wamp\yii\framework\web\CController.php(784): SiteController->renderFile()
#13 E:\MYPROJECTS\vsale\protected\controllers\SiteController.php(32): SiteController->render()
#14 C:\wamp\yii\framework\web\actions\CInlineAction.php(49): SiteController->actionIndex()
#15 C:\wamp\yii\framework\web\CController.php(308): CInlineAction->runWithParams()
#16 C:\wamp\yii\framework\web\CController.php(286): SiteController->runAction()
#17 C:\wamp\yii\framework\web\CController.php(265): SiteController->runActionWithFilters()
#18 C:\wamp\yii\framework\web\CWebApplication.php(282): SiteController->run()
#19 C:\wamp\yii\framework\web\CWebApplication.php(141): CWebApplication->runController()
#20 C:\wamp\yii\framework\base\CApplication.php(169): CWebApplication->processRequest()
#21 E:\MYPROJECTS\vsale\index.php(13): CWebApplication->run()
REQUEST_URI=/vsale/
in E:\MYPROJECTS\vsale\protected\views\layouts\main.php (136)
in E:\MYPROJECTS\vsale\protected\views\layouts\column1.php (6)
in E:\MYPROJECTS\vsale\protected\controllers\SiteController.php (32)
2013/10/14 16:13:00 [error] [php] Illegal string offset 'label' (C:\wamp\yii\framework\zii\widgets\CMenu.php:268)
Stack trace:
#0 C:\wamp\yii\framework\web\CBaseController.php(172): SiteController->createWidget()
#1 E:\MYPROJECTS\vsale\protected\views\layouts\main.php(136): SiteController->widget()
#2 C:\wamp\yii\framework\web\CBaseController.php(126): require()
#3 C:\wamp\yii\framework\web\CBaseController.php(95): SiteController->renderInternal()
#4 C:\wamp\yii\framework\web\widgets\CContentDecorator.php(76): SiteController->renderFile()
#5 C:\wamp\yii\framework\web\widgets\CContentDecorator.php(54): CContentDecorator->decorate()
#6 C:\wamp\yii\framework\web\widgets\COutputProcessor.php(44): CContentDecorator->processOutput()
#7 C:\wamp\yii\framework\web\CBaseController.php(206): CContentDecorator->run()
#8 C:\wamp\yii\framework\web\CBaseController.php(300): SiteController->endWidget()
#9 E:\MYPROJECTS\vsale\protected\views\layouts\column1.php(6): SiteController->endContent()
#10 C:\wamp\yii\framework\web\CBaseController.php(126): require()
#11 C:\wamp\yii\framework\web\CBaseController.php(95): SiteController->renderInternal()
#12 C:\wamp\yii\framework\web\CController.php(784): SiteController->renderFile()
#13 E:\MYPROJECTS\vsale\protected\controllers\SiteController.php(32): SiteController->render()
#14 C:\wamp\yii\framework\web\actions\CInlineAction.php(49): SiteController->actionIndex()
#15 C:\wamp\yii\framework\web\CController.php(308): CInlineAction->runWithParams()
#16 C:\wamp\yii\framework\web\CController.php(286): SiteController->runAction()
#17 C:\wamp\yii\framework\web\CController.php(265): SiteController->runActionWithFilters()
#18 C:\wamp\yii\framework\web\CWebApplication.php(282): SiteController->run()
#19 C:\wamp\yii\framework\web\CWebApplication.php(141): CWebApplication->runController()
#20 C:\wamp\yii\framework\base\CApplication.php(169): CWebApplication->processRequest()
#21 E:\MYPROJECTS\vsale\index.php(13): CWebApplication->run()
REQUEST_URI=/vsale/
in E:\MYPROJECTS\vsale\protected\views\layouts\main.php (136)
in E:\MYPROJECTS\vsale\protected\views\layouts\column1.php (6)
in E:\MYPROJECTS\vsale\protected\controllers\SiteController.php (32)
